<?xml version="1.0" encoding="UTF-8"?>
<!-- Generated by org.testng.reporters.JUnitReportReporter -->
<testsuite hostname="shithole" name="GoogleTest.AppTest" tests="1" failures="0" timestamp="6 Apr 2015 16:28:36 GMT" time="0.006" errors="0">
  <testcase name="testApp" time="0.006" classname="GoogleTest.AppTest"/>
</testsuite>
